<?xml version="1.0" encoding="UTF-8"?>
<!-- Generated by org.testng.reporters.JUnitXMLReporter -->
<testsuite hostname="DESKTOP-K421QL7" name="Default test" tests="3" failures="0" timestamp="10 Jul 2018 03:39:22 GMT" time="280.946" errors="0">
  <testcase name="FBLogin" time="131.388" classname="com.Facebook.testCases.Facebook"/>
  <testcase name="ValidateBdaySection" time="92.412" classname="com.Facebook.testCases.Facebook"/>
  <testcase name="ValidateStoriesSection" time="51.287" classname="com.Facebook.testCases.Facebook"/>
</testsuite> <!-- Default test -->
