<?xml version="1.0" encoding="UTF-8"?>
<!-- Generated by org.testng.reporters.JUnitXMLReporter -->
<testsuite hostname="DESKTOP-K421QL7" name="Test" tests="5" failures="0" timestamp="14 Aug 2018 01:44:39 GMT" time="41.978" errors="0">
  <testcase name="FBLogin" time="8.727" classname="com.Facebook.testCases.Facebook"/>
  <testcase name="NewMethodOnDevelopBranch" time="0.002" classname="com.Facebook.testCases.Facebook"/>
  <testcase name="PrintName" time="0.002" classname="com.Facebook.testCases.Facebook"/>
  <testcase name="ValidateBdaySection" time="5.088" classname="com.Facebook.testCases.Facebook"/>
  <testcase name="ValidateStoriesSection" time="10.128" classname="com.Facebook.testCases.Facebook"/>
</testsuite> <!-- Test -->
